total 692
lrwxrwxrwx   1 root root      7 Aug 20  2021 bin -> usr/bin
drwxr-xr-x   2 root root   4096 Aug 20  2021 boot
drwxr-xr-x   9 root root   2740 Oct 25 23:41 dev
drwxr-xr-x 129 root root  12288 Oct 25 23:41 etc
drwxr-xr-x   4 root root   4096 Jul 19 18:27 home
-rwxr-xr-x   3 root root 632096 Jan 27  2022 init
lrwxrwxrwx   1 root root      7 Aug 20  2021 lib -> usr/lib
lrwxrwxrwx   1 root root      9 Aug 20  2021 lib32 -> usr/lib32
lrwxrwxrwx   1 root root      9 Aug 20  2021 lib64 -> usr/lib64
lrwxrwxrwx   1 root root     10 Aug 20  2021 libx32 -> usr/libx32
drwx------   2 root root  16384 Apr 11  2019 lost+found
drwxr-xr-x   2 root root   4096 Aug 20  2021 media
drwxr-xr-x   5 root root   4096 Jul 19 10:55 mnt
drwxr-xr-x   2 root root   4096 Aug 20  2021 opt
dr-xr-xr-x 170 root root      0 Oct 25 23:41 proc
drwx------   2 root root   4096 Aug 20  2021 root
drwxr-xr-x   8 root root    160 Oct 25 23:41 run
lrwxrwxrwx   1 root root      8 Aug 20  2021 sbin -> usr/sbin
drwxr-xr-x   6 root root   4096 Aug 20  2021 snap
drwxr-xr-x   2 root root   4096 Aug 20  2021 srv
dr-xr-xr-x  11 root root      0 Oct 25 23:41 sys
drwxrwxrwt  28 root root   4096 Oct 27 17:12 tmp
drwxr-xr-x  15 root root   4096 Sep 19 11:22 usr
drwxr-xr-x  13 root root   4096 Aug 20  2021 var
